[debug] [2024-10-07T13:35:51.815Z] ----------------------------------------------------------------------
[debug] [2024-10-07T13:35:51.818Z] Command:       C:\Program Files\nodejs\node.exe C:\Users\Antony Joseph\AppData\Roaming\npm\node_modules\firebase-tools\lib\bin\firebase.js init
[debug] [2024-10-07T13:35:51.818Z] CLI Version:   13.20.2
[debug] [2024-10-07T13:35:51.818Z] Platform:      win32
[debug] [2024-10-07T13:35:51.818Z] Node Version:  v20.12.2
[debug] [2024-10-07T13:35:51.818Z] Time:          Mon Oct 07 2024 19:05:51 GMT+0530 (India Standard Time)
[debug] [2024-10-07T13:35:51.819Z] ----------------------------------------------------------------------
[debug] 
[debug] [2024-10-07T13:35:51.826Z] > command requires scopes: ["email","openid","https://www.googleapis.com/auth/cloudplatformprojects.readonly","https://www.googleapis.com/auth/firebase","https://www.googleapis.com/auth/cloud-platform"]
[debug] [2024-10-07T13:35:51.826Z] > authorizing via signed-in user (antonyukken94@gmail.com)
[info] 
     ######## #### ########  ######## ########     ###     ######  ########
     ##        ##  ##     ## ##       ##     ##  ##   ##  ##       ##
     ######    ##  ########  ######   ########  #########  ######  ######
     ##        ##  ##    ##  ##       ##     ## ##     ##       ## ##
     ##       #### ##     ## ######## ########  ##     ##  ######  ########

You're about to initialize a Firebase project in this directory:

  D:\Work3\E-Commerce\frontend

[info] 
=== Project Setup
[info] 
[info] First, let's associate this project directory with a Firebase project.
[info] You can create multiple project aliases by running firebase use --add, 
[info] but for now we'll just set up a default project.
[info] 
[info] i  If you want to create a project in a Google Cloud organization or folder, please use "firebase projects:create" instead, and return to this command when you've created the project. 
[debug] [2024-10-07T13:37:06.969Z] Checked if tokens are valid: false, expires at: 1721542557053
[debug] [2024-10-07T13:37:06.969Z] Checked if tokens are valid: false, expires at: 1721542557053
[debug] [2024-10-07T13:37:06.970Z] > refreshing access token with scopes: []
[debug] [2024-10-07T13:37:06.971Z] >>> [apiv2][query] POST https://www.googleapis.com/oauth2/v3/token [none]
[debug] [2024-10-07T13:37:06.972Z] >>> [apiv2][body] POST https://www.googleapis.com/oauth2/v3/token [omitted]
[debug] [2024-10-07T13:37:07.236Z] <<< [apiv2][status] POST https://www.googleapis.com/oauth2/v3/token 200
[debug] [2024-10-07T13:37:07.236Z] <<< [apiv2][body] POST https://www.googleapis.com/oauth2/v3/token [omitted]
[debug] [2024-10-07T13:37:07.246Z] >>> [apiv2][query] POST https://cloudresourcemanager.googleapis.com/v1/projects [none]
[debug] [2024-10-07T13:37:07.247Z] >>> [apiv2][body] POST https://cloudresourcemanager.googleapis.com/v1/projects {"projectId":"Shopper","name":"Shopper"}
[debug] [2024-10-07T13:37:08.605Z] <<< [apiv2][status] POST https://cloudresourcemanager.googleapis.com/v1/projects 400
[debug] [2024-10-07T13:37:08.606Z] <<< [apiv2][body] POST https://cloudresourcemanager.googleapis.com/v1/projects {"error":{"code":400,"message":"field [project_id] has issue [project_id contains invalid characters]","status":"INVALID_ARGUMENT","details":[{"@type":"type.googleapis.com/google.rpc.BadRequest","fieldViolations":[{"field":"project_id","description":"project_id contains invalid characters"}]},{"@type":"type.googleapis.com/google.rpc.Help","links":[{"url":"https://cloud.google.com/resource-manager/reference/rest/v1/projects"}]}]}}
[debug] [2024-10-07T13:37:08.754Z] FirebaseError: HTTP Error: 400, field [project_id] has issue [project_id contains invalid characters]
    at responseToError (C:\Users\Antony Joseph\AppData\Roaming\npm\node_modules\firebase-tools\lib\responseToError.js:49:12)
    at RetryOperation._fn (C:\Users\Antony Joseph\AppData\Roaming\npm\node_modules\firebase-tools\lib\apiv2.js:312:77)
    at process.processTicksAndRejections (node:internal/process/task_queues:95:5)
[error] 
[error] Error: Failed to create project. See firebase-debug.log for more info.
